[2018-10-05 06:54:31.985] [exthost1] [info] extension host started
[2018-10-05 06:54:32.049] [exthost1] [info] ExtensionService#_doActivateExtension vscode.debug-auto-launch {"startup":true,"activationEvent":"*"}
[2018-10-05 06:54:32.049] [exthost1] [info] ExtensionService#loadCommonJSModule c:\Users\Divya\.codemix\engine\resources\app\extensions\debug-auto-launch\out\extension
[2018-10-05 06:54:33.908] [exthost1] [info] ExtensionService#_doActivateExtension vscode.emmet {"startup":true,"activationEvent":"*"}
[2018-10-05 06:54:33.908] [exthost1] [info] ExtensionService#loadCommonJSModule c:\Users\Divya\.codemix\engine\resources\app\extensions\emmet\dist\extension
[2018-10-05 06:54:34.735] [exthost1] [info] ExtensionService#_doActivateExtension vscode.merge-conflict {"startup":true,"activationEvent":"*"}
[2018-10-05 06:54:34.735] [exthost1] [info] ExtensionService#loadCommonJSModule c:\Users\Divya\.codemix\engine\resources\app\extensions\merge-conflict\out\extension
[2018-10-05 06:54:36.656] [exthost1] [info] ExtensionService#_doActivateExtension vscode.search-rg {"startup":true,"activationEvent":"*"}
[2018-10-05 06:54:36.656] [exthost1] [info] ExtensionService#loadCommonJSModule c:\Users\Divya\.codemix\engine\resources\app\extensions\search-rg\out\extension
[2018-10-05 06:54:37.654] [exthost1] [info] ExtensionService#_doActivateExtension christian-kohler.path-intellisense {"startup":true,"activationEvent":"*"}
[2018-10-05 06:54:37.654] [exthost1] [info] ExtensionService#loadCommonJSModule C:\Users\Divya\.vscode\extensions\christian-kohler.path-intellisense-1.4.2\out\src\extension
[2018-10-05 06:54:41.748] [exthost1] [info] ExtensionService#_doActivateExtension dbaeumer.vscode-eslint {"startup":true,"activationEvent":"*"}
[2018-10-05 06:54:41.749] [exthost1] [info] ExtensionService#loadCommonJSModule C:\Users\Divya\.vscode\extensions\dbaeumer.vscode-eslint-1.4.10\client\out\extension
[2018-10-05 06:54:50.368] [exthost1] [info] ExtensionService#_doActivateExtension formulahendry.auto-close-tag {"startup":true,"activationEvent":"*"}
[2018-10-05 06:54:50.368] [exthost1] [info] ExtensionService#loadCommonJSModule C:\Users\Divya\.vscode\extensions\formulahendry.auto-close-tag-0.5.6\out\src\extension
[2018-10-05 06:54:50.928] [exthost1] [info] ExtensionService#_doActivateExtension HookyQR.beautify {"startup":true,"activationEvent":"*"}
[2018-10-05 06:54:50.928] [exthost1] [info] ExtensionService#loadCommonJSModule C:\Users\Divya\.vscode\extensions\hookyqr.beautify-1.3.0\extension
[2018-10-05 06:54:54.788] [exthost1] [info] ExtensionService#_doActivateExtension Zignd.html-css-class-completion {"startup":true,"activationEvent":"*"}
[2018-10-05 06:54:54.788] [exthost1] [info] ExtensionService#loadCommonJSModule C:\Users\Divya\.vscode\extensions\zignd.html-css-class-completion-1.17.1\out\src\extension
[2018-10-05 06:55:28.443] [exthost1] [info] eager extensions activated
[2018-10-05 06:55:28.449] [exthost1] [info] ExtensionService#_doActivateExtension vscode.configuration-editing {"startup":false,"activationEvent":"onLanguage:jsonc"}
[2018-10-05 06:55:28.449] [exthost1] [info] ExtensionService#loadCommonJSModule c:\Users\Divya\.codemix\engine\resources\app\extensions\configuration-editing\out\extension
[2018-10-05 06:55:29.275] [exthost1] [info] ExtensionService#_doActivateExtension vscode.json-language-features {"startup":false,"activationEvent":"onLanguage:jsonc"}
[2018-10-05 06:55:29.275] [exthost1] [info] ExtensionService#loadCommonJSModule c:\Users\Divya\.codemix\engine\resources\app\extensions\json-language-features\client\dist\jsonMain
