[2018-09-27 19:07:19.643] [exthost1] [info] extension host started
[2018-09-27 19:07:19.676] [exthost1] [info] ExtensionService#_doActivateExtension vscode.debug-auto-launch {"startup":true,"activationEvent":"*"}
[2018-09-27 19:07:19.677] [exthost1] [info] ExtensionService#loadCommonJSModule c:\Users\Divya\.codemix\engine\resources\app\extensions\debug-auto-launch\out\extension
[2018-09-27 19:07:22.110] [exthost1] [info] ExtensionService#_doActivateExtension vscode.emmet {"startup":true,"activationEvent":"*"}
[2018-09-27 19:07:22.110] [exthost1] [info] ExtensionService#loadCommonJSModule c:\Users\Divya\.codemix\engine\resources\app\extensions\emmet\dist\extension
[2018-09-27 19:07:22.228] [exthost1] [info] ExtensionService#_doActivateExtension vscode.merge-conflict {"startup":true,"activationEvent":"*"}
[2018-09-27 19:07:22.228] [exthost1] [info] ExtensionService#loadCommonJSModule c:\Users\Divya\.codemix\engine\resources\app\extensions\merge-conflict\out\extension
[2018-09-27 19:07:23.637] [exthost1] [info] ExtensionService#_doActivateExtension vscode.search-rg {"startup":true,"activationEvent":"*"}
[2018-09-27 19:07:23.637] [exthost1] [info] ExtensionService#loadCommonJSModule c:\Users\Divya\.codemix\engine\resources\app\extensions\search-rg\out\extension
[2018-09-27 19:07:26.103] [exthost1] [info] eager extensions activated
[2018-09-27 19:07:26.106] [exthost1] [info] ExtensionService#_doActivateExtension vscode.configuration-editing {"startup":false,"activationEvent":"onLanguage:jsonc"}
[2018-09-27 19:07:26.106] [exthost1] [info] ExtensionService#loadCommonJSModule c:\Users\Divya\.codemix\engine\resources\app\extensions\configuration-editing\out\extension
[2018-09-27 19:07:28.769] [exthost1] [info] ExtensionService#_doActivateExtension vscode.json-language-features {"startup":false,"activationEvent":"onLanguage:jsonc"}
[2018-09-27 19:07:28.769] [exthost1] [info] ExtensionService#loadCommonJSModule c:\Users\Divya\.codemix\engine\resources\app\extensions\json-language-features\client\dist\jsonMain
[2018-09-27 19:07:33.465] [exthost1] [info] ExtensionService#_doActivateExtension vscode.typescript-language-features {"startup":false,"activationEvent":"onLanguage:jsonc"}
[2018-09-27 19:07:33.465] [exthost1] [info] ExtensionService#loadCommonJSModule c:\Users\Divya\.codemix\engine\resources\app\extensions\typescript-language-features\dist\extension
[2018-09-27 19:07:34.915] [exthost1] [info] ExtensionService#_doActivateExtension vscode.grunt {"startup":false,"activationEvent":"onCommand:workbench.action.tasks.runTask"}
[2018-09-27 19:07:34.916] [exthost1] [info] ExtensionService#loadCommonJSModule c:\Users\Divya\.codemix\engine\resources\app\extensions\grunt\out\main
[2018-09-27 19:07:35.380] [exthost1] [info] ExtensionService#_doActivateExtension vscode.gulp {"startup":false,"activationEvent":"onCommand:workbench.action.tasks.runTask"}
[2018-09-27 19:07:35.380] [exthost1] [info] ExtensionService#loadCommonJSModule c:\Users\Divya\.codemix\engine\resources\app\extensions\gulp\out\main
[2018-09-27 19:07:35.444] [exthost1] [info] ExtensionService#_doActivateExtension vscode.jake {"startup":false,"activationEvent":"onCommand:workbench.action.tasks.runTask"}
[2018-09-27 19:07:35.444] [exthost1] [info] ExtensionService#loadCommonJSModule c:\Users\Divya\.codemix\engine\resources\app\extensions\jake\out\main
[2018-09-27 19:07:35.629] [exthost1] [info] ExtensionService#_doActivateExtension vscode.npm {"startup":false,"activationEvent":"onCommand:workbench.action.tasks.runTask"}
[2018-09-27 19:07:35.629] [exthost1] [info] ExtensionService#loadCommonJSModule c:\Users\Divya\.codemix\engine\resources\app\extensions\npm\out\main
[2018-09-27 19:10:23.005] [exthost1] [info] extension host started
[2018-09-27 19:10:23.180] [exthost1] [info] ExtensionService#_doActivateExtension vscode.debug-auto-launch {"startup":true,"activationEvent":"*"}
[2018-09-27 19:10:23.180] [exthost1] [info] ExtensionService#loadCommonJSModule c:\Users\Divya\.codemix\engine\resources\app\extensions\debug-auto-launch\out\extension
[2018-09-27 19:10:23.203] [exthost1] [info] ExtensionService#_doActivateExtension vscode.emmet {"startup":true,"activationEvent":"*"}
[2018-09-27 19:10:23.203] [exthost1] [info] ExtensionService#loadCommonJSModule c:\Users\Divya\.codemix\engine\resources\app\extensions\emmet\dist\extension
[2018-09-27 19:10:23.298] [exthost1] [info] ExtensionService#_doActivateExtension vscode.merge-conflict {"startup":true,"activationEvent":"*"}
[2018-09-27 19:10:23.298] [exthost1] [info] ExtensionService#loadCommonJSModule c:\Users\Divya\.codemix\engine\resources\app\extensions\merge-conflict\out\extension
[2018-09-27 19:10:23.356] [exthost1] [info] ExtensionService#_doActivateExtension vscode.search-rg {"startup":true,"activationEvent":"*"}
[2018-09-27 19:10:23.356] [exthost1] [info] ExtensionService#loadCommonJSModule c:\Users\Divya\.codemix\engine\resources\app\extensions\search-rg\out\extension
[2018-09-27 19:10:23.377] [exthost1] [info] ExtensionService#_doActivateExtension christian-kohler.path-intellisense {"startup":true,"activationEvent":"*"}
[2018-09-27 19:10:23.377] [exthost1] [info] ExtensionService#loadCommonJSModule C:\Users\Divya\.vscode\extensions\christian-kohler.path-intellisense-1.4.2\out\src\extension
[2018-09-27 19:10:23.426] [exthost1] [info] ExtensionService#_doActivateExtension dbaeumer.vscode-eslint {"startup":true,"activationEvent":"*"}
[2018-09-27 19:10:23.426] [exthost1] [info] ExtensionService#loadCommonJSModule C:\Users\Divya\.vscode\extensions\dbaeumer.vscode-eslint-1.4.10\client\out\extension
[2018-09-27 19:10:23.696] [exthost1] [info] ExtensionService#_doActivateExtension formulahendry.auto-close-tag {"startup":true,"activationEvent":"*"}
[2018-09-27 19:10:23.696] [exthost1] [info] ExtensionService#loadCommonJSModule C:\Users\Divya\.vscode\extensions\formulahendry.auto-close-tag-0.5.6\out\src\extension
[2018-09-27 19:10:23.700] [exthost1] [info] ExtensionService#_doActivateExtension HookyQR.beautify {"startup":true,"activationEvent":"*"}
[2018-09-27 19:10:23.700] [exthost1] [info] ExtensionService#loadCommonJSModule C:\Users\Divya\.vscode\extensions\hookyqr.beautify-1.3.0\extension
[2018-09-27 19:10:23.826] [exthost1] [info] ExtensionService#_doActivateExtension Zignd.html-css-class-completion {"startup":true,"activationEvent":"*"}
[2018-09-27 19:10:23.826] [exthost1] [info] ExtensionService#loadCommonJSModule C:\Users\Divya\.vscode\extensions\zignd.html-css-class-completion-1.17.1\out\src\extension
[2018-09-27 19:10:25.709] [exthost1] [info] eager extensions activated
