[2018-09-27 18:41:15.510] [exthost1] [info] extension host started
[2018-09-27 18:41:15.561] [exthost1] [info] ExtensionService#_doActivateExtension vscode.debug-auto-launch {"startup":true,"activationEvent":"*"}
[2018-09-27 18:41:15.561] [exthost1] [info] ExtensionService#loadCommonJSModule c:\Users\Divya\.codemix\engine\resources\app\extensions\debug-auto-launch\out\extension
[2018-09-27 18:41:15.895] [exthost1] [info] ExtensionService#_doActivateExtension vscode.emmet {"startup":true,"activationEvent":"*"}
[2018-09-27 18:41:15.895] [exthost1] [info] ExtensionService#loadCommonJSModule c:\Users\Divya\.codemix\engine\resources\app\extensions\emmet\dist\extension
[2018-09-27 18:41:16.091] [exthost1] [info] ExtensionService#_doActivateExtension vscode.merge-conflict {"startup":true,"activationEvent":"*"}
[2018-09-27 18:41:16.091] [exthost1] [info] ExtensionService#loadCommonJSModule c:\Users\Divya\.codemix\engine\resources\app\extensions\merge-conflict\out\extension
[2018-09-27 18:41:16.426] [exthost1] [info] ExtensionService#_doActivateExtension vscode.search-rg {"startup":true,"activationEvent":"*"}
[2018-09-27 18:41:16.426] [exthost1] [info] ExtensionService#loadCommonJSModule c:\Users\Divya\.codemix\engine\resources\app\extensions\search-rg\out\extension
[2018-09-27 18:41:16.687] [exthost1] [info] eager extensions activated
[2018-09-27 18:41:16.687] [exthost1] [info] ExtensionService#_doActivateExtension vscode.configuration-editing {"startup":false,"activationEvent":"onLanguage:jsonc"}
[2018-09-27 18:41:16.687] [exthost1] [info] ExtensionService#loadCommonJSModule c:\Users\Divya\.codemix\engine\resources\app\extensions\configuration-editing\out\extension
[2018-09-27 18:41:17.148] [exthost1] [info] ExtensionService#_doActivateExtension vscode.json-language-features {"startup":false,"activationEvent":"onLanguage:jsonc"}
[2018-09-27 18:41:17.148] [exthost1] [info] ExtensionService#loadCommonJSModule c:\Users\Divya\.codemix\engine\resources\app\extensions\json-language-features\client\dist\jsonMain
[2018-09-27 18:41:19.337] [exthost1] [info] ExtensionService#_doActivateExtension vscode.typescript-language-features {"startup":false,"activationEvent":"onLanguage:jsonc"}
[2018-09-27 18:41:19.337] [exthost1] [info] ExtensionService#loadCommonJSModule c:\Users\Divya\.codemix\engine\resources\app\extensions\typescript-language-features\dist\extension
[2018-09-27 18:41:28.797] [exthost1] [info] ExtensionService#_doActivateExtension vscode.grunt {"startup":false,"activationEvent":"onCommand:workbench.action.tasks.runTask"}
[2018-09-27 18:41:28.797] [exthost1] [info] ExtensionService#loadCommonJSModule c:\Users\Divya\.codemix\engine\resources\app\extensions\grunt\out\main
[2018-09-27 18:41:29.047] [exthost1] [info] ExtensionService#_doActivateExtension vscode.gulp {"startup":false,"activationEvent":"onCommand:workbench.action.tasks.runTask"}
[2018-09-27 18:41:29.047] [exthost1] [info] ExtensionService#loadCommonJSModule c:\Users\Divya\.codemix\engine\resources\app\extensions\gulp\out\main
[2018-09-27 18:41:29.096] [exthost1] [info] ExtensionService#_doActivateExtension vscode.jake {"startup":false,"activationEvent":"onCommand:workbench.action.tasks.runTask"}
[2018-09-27 18:41:29.096] [exthost1] [info] ExtensionService#loadCommonJSModule c:\Users\Divya\.codemix\engine\resources\app\extensions\jake\out\main
[2018-09-27 18:41:29.184] [exthost1] [info] ExtensionService#_doActivateExtension vscode.npm {"startup":false,"activationEvent":"onCommand:workbench.action.tasks.runTask"}
[2018-09-27 18:41:29.184] [exthost1] [info] ExtensionService#loadCommonJSModule c:\Users\Divya\.codemix\engine\resources\app\extensions\npm\out\main
