[2018-10-04 21:03:05.192] [exthost1] [info] extension host started
[2018-10-04 21:03:05.267] [exthost1] [info] ExtensionService#_doActivateExtension vscode.debug-auto-launch {"startup":true,"activationEvent":"*"}
[2018-10-04 21:03:05.267] [exthost1] [info] ExtensionService#loadCommonJSModule c:\Users\Divya\.codemix\engine\resources\app\extensions\debug-auto-launch\out\extension
[2018-10-04 21:03:05.495] [exthost1] [info] ExtensionService#_doActivateExtension vscode.emmet {"startup":true,"activationEvent":"*"}
[2018-10-04 21:03:05.495] [exthost1] [info] ExtensionService#loadCommonJSModule c:\Users\Divya\.codemix\engine\resources\app\extensions\emmet\dist\extension
[2018-10-04 21:03:05.639] [exthost1] [info] ExtensionService#_doActivateExtension vscode.merge-conflict {"startup":true,"activationEvent":"*"}
[2018-10-04 21:03:05.639] [exthost1] [info] ExtensionService#loadCommonJSModule c:\Users\Divya\.codemix\engine\resources\app\extensions\merge-conflict\out\extension
[2018-10-04 21:03:06.382] [exthost1] [info] ExtensionService#_doActivateExtension vscode.search-rg {"startup":true,"activationEvent":"*"}
[2018-10-04 21:03:06.382] [exthost1] [info] ExtensionService#loadCommonJSModule c:\Users\Divya\.codemix\engine\resources\app\extensions\search-rg\out\extension
[2018-10-04 21:03:07.027] [exthost1] [info] ExtensionService#_doActivateExtension christian-kohler.path-intellisense {"startup":true,"activationEvent":"*"}
[2018-10-04 21:03:07.027] [exthost1] [info] ExtensionService#loadCommonJSModule C:\Users\Divya\.vscode\extensions\christian-kohler.path-intellisense-1.4.2\out\src\extension
[2018-10-04 21:03:07.736] [exthost1] [info] ExtensionService#_doActivateExtension dbaeumer.vscode-eslint {"startup":true,"activationEvent":"*"}
[2018-10-04 21:03:07.736] [exthost1] [info] ExtensionService#loadCommonJSModule C:\Users\Divya\.vscode\extensions\dbaeumer.vscode-eslint-1.4.10\client\out\extension
[2018-10-04 21:03:10.514] [exthost1] [info] ExtensionService#_doActivateExtension formulahendry.auto-close-tag {"startup":true,"activationEvent":"*"}
[2018-10-04 21:03:10.514] [exthost1] [info] ExtensionService#loadCommonJSModule C:\Users\Divya\.vscode\extensions\formulahendry.auto-close-tag-0.5.6\out\src\extension
[2018-10-04 21:03:10.841] [exthost1] [info] ExtensionService#_doActivateExtension HookyQR.beautify {"startup":true,"activationEvent":"*"}
[2018-10-04 21:03:10.841] [exthost1] [info] ExtensionService#loadCommonJSModule C:\Users\Divya\.vscode\extensions\hookyqr.beautify-1.3.0\extension
[2018-10-04 21:03:13.729] [exthost1] [info] ExtensionService#_doActivateExtension Zignd.html-css-class-completion {"startup":true,"activationEvent":"*"}
[2018-10-04 21:03:13.729] [exthost1] [info] ExtensionService#loadCommonJSModule C:\Users\Divya\.vscode\extensions\zignd.html-css-class-completion-1.17.1\out\src\extension
[2018-10-04 21:03:26.021] [exthost1] [info] eager extensions activated
